<?xml version="1.0" encoding="UTF-8"?>
<testsuite name="ru.kubsu.telegrambot.TelegrambotApplicationTests" tests="1" skipped="0" failures="0" errors="0" timestamp="2025-03-20T17:57:49.757Z" hostname="pop-os" time="0.893">
  <properties/>
  <testcase name="contextLoads()" classname="ru.kubsu.telegrambot.TelegrambotApplicationTests" time="0.893"/>
  <system-out><![CDATA[20:57:47.531 [Test worker] INFO org.springframework.test.context.support.AnnotationConfigContextLoaderUtils -- Could not detect default configuration classes for test class [ru.kubsu.telegrambot.TelegrambotApplicationTests]: TelegrambotApplicationTests does not declare any static, non-private, non-final, nested classes annotated with @Configuration.
20:57:47.658 [Test worker] INFO org.springframework.boot.test.context.SpringBootTestContextBootstrapper -- Found @SpringBootConfiguration ru.kubsu.telegrambot.TelegrambotApplication for test class ru.kubsu.telegrambot.TelegrambotApplicationTests

  .   ____          _            __ _ _
 /\\ / ___'_ __ _ _(_)_ __  __ _ \ \ \ \
( ( )\___ | '_ | '_| | '_ \/ _` | \ \ \ \
 \\/  ___)| |_)| | | | | || (_| |  ) ) ) )
  '  |____| .__|_| |_|_| |_\__, | / / / /
 =========|_|==============|___/=/_/_/_/

 :: Spring Boot ::                (v3.4.3)

2025-03-20T20:57:48.230+03:00  INFO 6721 --- [telegrambot] [    Test worker] r.k.t.TelegrambotApplicationTests        : Starting TelegrambotApplicationTests using Java 21.0.6 with PID 6721 (started by denissaprunov in /home/denissaprunov/Загрузки/telegrambot)
2025-03-20T20:57:48.233+03:00  INFO 6721 --- [telegrambot] [    Test worker] r.k.t.TelegrambotApplicationTests        : No active profile set, falling back to 1 default profile: "default"
2025-03-20T20:57:49.742+03:00  INFO 6721 --- [telegrambot] [    Test worker] r.k.t.TelegrambotApplicationTests        : Started TelegrambotApplicationTests in 1.88 seconds (process running for 3.357)
]]></system-out>
  <system-err><![CDATA[Mockito is currently self-attaching to enable the inline-mock-maker. This will no longer work in future releases of the JDK. Please add Mockito as an agent to your build what is described in Mockito's documentation: https://javadoc.io/doc/org.mockito/mockito-core/latest/org/mockito/Mockito.html#0.3
WARNING: A Java agent has been loaded dynamically (/home/denissaprunov/.gradle/caches/modules-2/files-2.1/net.bytebuddy/byte-buddy-agent/1.15.11/a38b16385e867f59a641330f0362ebe742788ed8/byte-buddy-agent-1.15.11.jar)
WARNING: If a serviceability tool is in use, please run with -XX:+EnableDynamicAgentLoading to hide this warning
WARNING: If a serviceability tool is not in use, please run with -Djdk.instrument.traceUsage for more information
WARNING: Dynamic loading of agents will be disallowed by default in a future release
]]></system-err>
</testsuite>
